<?xml version="1.0" encoding="UTF-8" ?>
<testsuite tests="8" failures="0" name="com.oracle.bowling.BowlingParameterizedTest" time="0.085" errors="0" skipped="0">
  <properties>
    <property name="java.runtime.name" value="Java(TM) SE Runtime Environment"/>
    <property name="sun.boot.library.path" value="/Library/Java/JavaVirtualMachines/jdk1.8.0_131.jdk/Contents/Home/jre/lib"/>
    <property name="java.vm.version" value="25.131-b11"/>
    <property name="user.country.format" value="IN"/>
    <property name="gopherProxySet" value="false"/>
    <property name="java.vm.vendor" value="Oracle Corporation"/>
    <property name="maven.multiModuleProjectDirectory" value="/Users/vkumar/Desktop/Oracle/Bowling"/>
    <property name="java.vendor.url" value="http://java.oracle.com/"/>
    <property name="path.separator" value=":"/>
    <property name="guice.disable.misplaced.annotation.check" value="true"/>
    <property name="java.vm.name" value="Java HotSpot(TM) 64-Bit Server VM"/>
    <property name="file.encoding.pkg" value="sun.io"/>
    <property name="user.country" value="US"/>
    <property name="sun.java.launcher" value="SUN_STANDARD"/>
    <property name="sun.os.patch.level" value="unknown"/>
    <property name="java.vm.specification.name" value="Java Virtual Machine Specification"/>
    <property name="user.dir" value="/Users/vkumar/Desktop/Oracle/Bowling"/>
    <property name="java.runtime.version" value="1.8.0_131-b11"/>
    <property name="java.awt.graphicsenv" value="sun.awt.CGraphicsEnvironment"/>
    <property name="java.endorsed.dirs" value="/Library/Java/JavaVirtualMachines/jdk1.8.0_131.jdk/Contents/Home/jre/lib/endorsed"/>
    <property name="os.arch" value="x86_64"/>
    <property name="java.io.tmpdir" value="/var/folders/0h/n84jkl_95s10tgqk1zvsb4sm0000gn/T/"/>
    <property name="line.separator" value="
"/>
    <property name="java.vm.specification.vendor" value="Oracle Corporation"/>
    <property name="os.name" value="Mac OS X"/>
    <property name="classworlds.conf" value="/Users/vkumar/Desktop/Project-lib/apache-maven-3.5.0/bin/m2.conf"/>
    <property name="sun.jnu.encoding" value="UTF-8"/>
    <property name="java.library.path" value="/Users/vkumar/Library/Java/Extensions:/Library/Java/Extensions:/Network/Library/Java/Extensions:/System/Library/Java/Extensions:/usr/lib/java:."/>
    <property name="maven.conf" value="/Users/vkumar/Desktop/Project-lib/apache-maven-3.5.0/conf"/>
    <property name="java.specification.name" value="Java Platform API Specification"/>
    <property name="java.class.version" value="52.0"/>
    <property name="sun.management.compiler" value="HotSpot 64-Bit Tiered Compilers"/>
    <property name="os.version" value="10.13.2"/>
    <property name="library.jansi.path" value="/Users/vkumar/Desktop/Project-lib/apache-maven-3.5.0/lib/jansi-native/osx64"/>
    <property name="http.nonProxyHosts" value="local|*.local|169.254/16|*.169.254/16"/>
    <property name="user.home" value="/Users/vkumar"/>
    <property name="user.timezone" value="Europe/Berlin"/>
    <property name="java.awt.printerjob" value="sun.lwawt.macosx.CPrinterJob"/>
    <property name="java.specification.version" value="1.8"/>
    <property name="file.encoding" value="UTF-8"/>
    <property name="user.name" value="vkumar"/>
    <property name="java.class.path" value="/Users/vkumar/Desktop/Project-lib/apache-maven-3.5.0/boot/plexus-classworlds-2.5.2.jar"/>
    <property name="java.vm.specification.version" value="1.8"/>
    <property name="sun.arch.data.model" value="64"/>
    <property name="java.home" value="/Library/Java/JavaVirtualMachines/jdk1.8.0_131.jdk/Contents/Home/jre"/>
    <property name="sun.java.command" value="org.codehaus.plexus.classworlds.launcher.Launcher package"/>
    <property name="java.specification.vendor" value="Oracle Corporation"/>
    <property name="user.language" value="en"/>
    <property name="awt.toolkit" value="sun.lwawt.macosx.LWCToolkit"/>
    <property name="java.vm.info" value="mixed mode"/>
    <property name="java.version" value="1.8.0_131"/>
    <property name="java.ext.dirs" value="/Users/vkumar/Library/Java/Extensions:/Library/Java/JavaVirtualMachines/jdk1.8.0_131.jdk/Contents/Home/jre/lib/ext:/Library/Java/Extensions:/Network/Library/Java/Extensions:/System/Library/Java/Extensions:/usr/lib/java"/>
    <property name="sun.boot.class.path" value="/Library/Java/JavaVirtualMachines/jdk1.8.0_131.jdk/Contents/Home/jre/lib/resources.jar:/Library/Java/JavaVirtualMachines/jdk1.8.0_131.jdk/Contents/Home/jre/lib/rt.jar:/Library/Java/JavaVirtualMachines/jdk1.8.0_131.jdk/Contents/Home/jre/lib/sunrsasign.jar:/Library/Java/JavaVirtualMachines/jdk1.8.0_131.jdk/Contents/Home/jre/lib/jsse.jar:/Library/Java/JavaVirtualMachines/jdk1.8.0_131.jdk/Contents/Home/jre/lib/jce.jar:/Library/Java/JavaVirtualMachines/jdk1.8.0_131.jdk/Contents/Home/jre/lib/charsets.jar:/Library/Java/JavaVirtualMachines/jdk1.8.0_131.jdk/Contents/Home/jre/lib/jfr.jar:/Library/Java/JavaVirtualMachines/jdk1.8.0_131.jdk/Contents/Home/jre/classes"/>
    <property name="java.vendor" value="Oracle Corporation"/>
    <property name="maven.home" value="/Users/vkumar/Desktop/Project-lib/apache-maven-3.5.0"/>
    <property name="file.separator" value="/"/>
    <property name="java.vendor.url.bug" value="http://bugreport.sun.com/bugreport/"/>
    <property name="sun.cpu.endian" value="little"/>
    <property name="sun.io.unicode.encoding" value="UnicodeBig"/>
    <property name="socksNonProxyHosts" value="local|*.local|169.254/16|*.169.254/16"/>
    <property name="ftp.nonProxyHosts" value="local|*.local|169.254/16|*.169.254/16"/>
    <property name="sun.cpu.isalist" value=""/>
  </properties>
  <testcase classname="testGame[0: testGame(POSTIVE+10
10
10
10
10
10
10
10
10
10
10
10
) = 300](com.oracle.bowling.BowlingParameterizedTest)" name="testGame[0: testGame(POSTIVE+10
10
10
10
10
10
10
10
10
10
10
10
) = 300]" time="0.031"/>
  <testcase classname="testGame[1: testGame(POSTIVE+5
5
5
5
5
5
5
5
5
5
5
5
5
5
5
5
5
5
5
5
5
) = 150](com.oracle.bowling.BowlingParameterizedTest)" name="testGame[1: testGame(POSTIVE+5
5
5
5
5
5
5
5
5
5
5
5
5
5
5
5
5
5
5
5
5
) = 150]" time="0.009"/>
  <testcase classname="testGame[2: testGame(POSTIVE+10
3
4
5
3
5
5
5
5
6
3
8
2
4
4
3
3
4
5
) = 109](com.oracle.bowling.BowlingParameterizedTest)" name="testGame[2: testGame(POSTIVE+10
3
4
5
3
5
5
5
5
6
3
8
2
4
4
3
3
4
5
) = 109]" time="0.01"/>
  <testcase classname="testGame[3: testGame(POSTIVE+3
4
5
4
6
3
7
2
4
4
8
1
5
5
3
6
4
5
5
5
5
) = 97](com.oracle.bowling.BowlingParameterizedTest)" name="testGame[3: testGame(POSTIVE+3
4
5
4
6
3
7
2
4
4
8
1
5
5
3
6
4
5
5
5
5
) = 97]" time="0.006"/>
  <testcase classname="testGame[4: testGame(POSTIVE+3
5
4
6
10
6
2
7
3
8
1
6
3
6
3
5
5
10
5
5
) = 139](com.oracle.bowling.BowlingParameterizedTest)" name="testGame[4: testGame(POSTIVE+3
5
4
6
10
6
2
7
3
8
1
6
3
6
3
5
5
10
5
5
) = 139]" time="0.005"/>
  <testcase classname="testGame[5: testGame(NEGATIVE+20
5
5
5
5
5
5
5
5
5
5
5
5
5
5
5
5
5
5
5
5
5
) = -1](com.oracle.bowling.BowlingParameterizedTest)" name="testGame[5: testGame(NEGATIVE+20
5
5
5
5
5
5
5
5
5
5
5
5
5
5
5
5
5
5
5
5
5
) = -1]" time="0.012"/>
  <testcase classname="testGame[6: testGame(NEGATIVE+10
10
10
10
10
10
20
10
10
10
10
10
10
) = -1](com.oracle.bowling.BowlingParameterizedTest)" name="testGame[6: testGame(NEGATIVE+10
10
10
10
10
10
20
10
10
10
10
10
10
) = -1]" time="0.005"/>
  <testcase classname="testGame[7: testGame(NEGATIVE+10
3
4
5
3
5
5
5
5
6
3
8
2
4
4
3
3
4
25
3
) = -1](com.oracle.bowling.BowlingParameterizedTest)" name="testGame[7: testGame(NEGATIVE+10
3
4
5
3
5
5
5
5
6
3
8
2
4
4
3
3
4
25
3
) = -1]" time="0.007"/>
</testsuite>